<?xml version="1.0" encoding="UTF-8"?>
<!-- Generated by org.testng.reporters.JUnitReportReporter -->
<testsuite skipped="0" hostname="DESKTOP-B38SFJ6" name="testCases.Scenario4" tests="1" failures="0" timestamp="2022-02-08T01:34:19 GST" time="23.947" errors="0">
  <testcase name="verifyProductDetails" time="23.947" classname="testCases.Scenario4"/>
  <system-out/>
</testsuite> <!-- testCases.Scenario4 -->
